<?xml version="1.0" encoding="UTF-8"?>
<!-- Generated by org.testng.reporters.JUnitReportReporter -->
<testsuite hostname="TILLT04793.local" name="tests.Baseclass" tests="1" failures="0" timestamp="30 Jan 2020 07:28:26 GMT" time="1.041" errors="0">
  <testcase name="popup" time="1.041" classname="tests.Baseclass"/>
</testsuite> <!-- tests.Baseclass -->
