<?xml version="1.0" encoding="UTF-8"?>
<!-- Generated by org.testng.reporters.JUnitReportReporter -->
<testsuite hostname="TILLT04793.local" name="desktop_tests.Baseclass_desktop" tests="1" failures="0" timestamp="5 Feb 2020 07:50:58 GMT" time="44.318" errors="0">
  <testcase name="UrlLaunch" time="44.318" classname="desktop_tests.Baseclass_desktop"/>
</testsuite> <!-- desktop_tests.Baseclass_desktop -->
