<?xml version="1.0" encoding="UTF-8"?>
<!-- Generated by org.testng.reporters.JUnitReportReporter -->
<testsuite hostname="TILLT04793.local" name="tests.Baseclass" tests="1" failures="0" timestamp="31 Jan 2020 11:45:16 GMT" time="0.350" errors="0">
  <testcase name="popup" time="0.350" classname="tests.Baseclass"/>
</testsuite> <!-- tests.Baseclass -->
